2025-08-18 10:27:42 - c.r.smartflow.SmartflowApplication - Starting SmartflowApplication using Java 17.0.12 with PID 12888 (E:\BootCamp\finalproject\server\target\classes started by Administrator in E:\BootCamp\finalproject\server)
2025-08-18 10:27:42 - c.r.smartflow.SmartflowApplication - No active profile set, falling back to 1 default profile: "default"
2025-08-18 10:27:42 - o.s.boot.SpringApplication - Application run failed
org.springframework.beans.factory.BeanDefinitionStoreException: Failed to parse configuration class [com.rubsal.smartflow.SmartflowApplication]
	at org.springframework.context.annotation.ConfigurationClassParser.parse(ConfigurationClassParser.java:185)
	at org.springframework.context.annotation.ConfigurationClassPostProcessor.processConfigBeanDefinitions(ConfigurationClassPostProcessor.java:418)
	at org.springframework.context.annotation.ConfigurationClassPostProcessor.postProcessBeanDefinitionRegistry(ConfigurationClassPostProcessor.java:290)
	at org.springframework.context.support.PostProcessorRegistrationDelegate.invokeBeanDefinitionRegistryPostProcessors(PostProcessorRegistrationDelegate.java:349)
	at org.springframework.context.support.PostProcessorRegistrationDelegate.invokeBeanFactoryPostProcessors(PostProcessorRegistrationDelegate.java:118)
	at org.springframework.context.support.AbstractApplicationContext.invokeBeanFactoryPostProcessors(AbstractApplicationContext.java:791)
	at org.springframework.context.support.AbstractApplicationContext.refresh(AbstractApplicationContext.java:609)
	at org.springframework.boot.web.servlet.context.ServletWebServerApplicationContext.refresh(ServletWebServerApplicationContext.java:146)
	at org.springframework.boot.SpringApplication.refresh(SpringApplication.java:752)
	at org.springframework.boot.SpringApplication.refreshContext(SpringApplication.java:439)
	at org.springframework.boot.SpringApplication.run(SpringApplication.java:318)
	at org.springframework.boot.SpringApplication.run(SpringApplication.java:1361)
	at org.springframework.boot.SpringApplication.run(SpringApplication.java:1350)
	at com.rubsal.smartflow.SmartflowApplication.main(SmartflowApplication.java:10)
Caused by: org.springframework.context.annotation.ConflictingBeanDefinitionException: Annotation-specified bean name 'BusinessService' for bean class [com.rubsal.smartflow.service.serviceImpl.DashboardServiceImp] conflicts with existing, non-compatible bean definition of same name and class [com.rubsal.smartflow.service.serviceImpl.BusinessServiceImpl]
	at org.springframework.context.annotation.ClassPathBeanDefinitionScanner.checkCandidate(ClassPathBeanDefinitionScanner.java:361)
	at org.springframework.context.annotation.ClassPathBeanDefinitionScanner.doScan(ClassPathBeanDefinitionScanner.java:288)
	at org.springframework.context.annotation.ComponentScanAnnotationParser.parse(ComponentScanAnnotationParser.java:128)
	at org.springframework.context.annotation.ConfigurationClassParser.doProcessConfigurationClass(ConfigurationClassParser.java:332)
	at org.springframework.context.annotation.ConfigurationClassParser.processConfigurationClass(ConfigurationClassParser.java:267)
	at org.springframework.context.annotation.ConfigurationClassParser.parse(ConfigurationClassParser.java:193)
	at org.springframework.context.annotation.ConfigurationClassParser.parse(ConfigurationClassParser.java:171)
	... 13 common frames omitted
2025-08-18 10:28:32 - c.r.smartflow.SmartflowApplication - Starting SmartflowApplication using Java 17.0.12 with PID 2084 (E:\BootCamp\finalproject\server\target\classes started by Administrator in E:\BootCamp\finalproject\server)
2025-08-18 10:28:32 - c.r.smartflow.SmartflowApplication - No active profile set, falling back to 1 default profile: "default"
2025-08-18 10:28:42 - c.r.smartflow.SmartflowApplication - Started SmartflowApplication in 10.533 seconds (process running for 11.181)
2025-08-18 10:28:47 - c.r.s.controller.AuthController - Service method called using @Slf4j
2025-08-18 10:30:26 - c.r.smartflow.SmartflowApplication - Starting SmartflowApplication using Java 17.0.12 with PID 6672 (E:\BootCamp\finalproject\server\target\classes started by Administrator in E:\BootCamp\finalproject\server)
2025-08-18 10:30:26 - c.r.smartflow.SmartflowApplication - No active profile set, falling back to 1 default profile: "default"
2025-08-18 10:30:34 - c.r.smartflow.SmartflowApplication - Started SmartflowApplication in 8.174 seconds (process running for 8.825)
2025-08-18 10:32:42 - c.r.smartflow.SmartflowApplication - Starting SmartflowApplication using Java 17.0.12 with PID 17820 (E:\BootCamp\finalproject\server\target\classes started by Administrator in E:\BootCamp\finalproject\server)
2025-08-18 10:32:42 - c.r.smartflow.SmartflowApplication - No active profile set, falling back to 1 default profile: "default"
2025-08-18 10:32:54 - c.r.smartflow.SmartflowApplication - Started SmartflowApplication in 12.184 seconds (process running for 12.698)
2025-08-18 10:35:54 - c.r.smartflow.SmartflowApplication - Starting SmartflowApplication using Java 17.0.12 with PID 17536 (E:\BootCamp\finalproject\server\target\classes started by Administrator in E:\BootCamp\finalproject\server)
2025-08-18 10:35:54 - c.r.smartflow.SmartflowApplication - No active profile set, falling back to 1 default profile: "default"
2025-08-18 10:36:02 - c.r.smartflow.SmartflowApplication - Started SmartflowApplication in 8.749 seconds (process running for 9.816)
2025-08-18 10:36:57 - c.r.smartflow.SmartflowApplication - Starting SmartflowApplication using Java 17.0.12 with PID 18076 (E:\BootCamp\finalproject\server\target\classes started by Administrator in E:\BootCamp\finalproject\server)
2025-08-18 10:36:57 - c.r.smartflow.SmartflowApplication - No active profile set, falling back to 1 default profile: "default"
2025-08-18 10:37:04 - c.r.smartflow.SmartflowApplication - Started SmartflowApplication in 7.535 seconds (process running for 7.951)
2025-08-18 10:45:34 - c.r.smartflow.SmartflowApplication - Starting SmartflowApplication using Java 17.0.12 with PID 17740 (E:\BootCamp\finalproject\server\target\classes started by Administrator in E:\BootCamp\finalproject\server)
2025-08-18 10:45:34 - c.r.smartflow.SmartflowApplication - No active profile set, falling back to 1 default profile: "default"
2025-08-18 10:45:42 - c.r.smartflow.SmartflowApplication - Started SmartflowApplication in 9.334 seconds (process running for 9.885)
2025-08-18 10:46:25 - o.a.c.c.C.[.[.[.[dispatcherServlet] - Servlet.service() for servlet [dispatcherServlet] in context with path [] threw exception
io.jsonwebtoken.ExpiredJwtException: JWT expired at 2025-08-15T08:37:22Z. Current time: 2025-08-18T08:46:25Z, a difference of 259743802 milliseconds.  Allowed clock skew: 0 milliseconds.
	at io.jsonwebtoken.impl.DefaultJwtParser.parse(DefaultJwtParser.java:427)
	at io.jsonwebtoken.impl.DefaultJwtParser.parse(DefaultJwtParser.java:529)
	at io.jsonwebtoken.impl.DefaultJwtParser.parseClaimsJws(DefaultJwtParser.java:589)
	at io.jsonwebtoken.impl.ImmutableJwtParser.parseClaimsJws(ImmutableJwtParser.java:173)
	at com.rubsal.smartflow.utils.JwtUtil.extractUsername(JwtUtil.java:33)
	at com.rubsal.smartflow.config.JwtAuthFilter.doFilterInternal(JwtAuthFilter.java:40)
	at org.springframework.web.filter.OncePerRequestFilter.doFilter(OncePerRequestFilter.java:116)
	at org.springframework.security.web.FilterChainProxy$VirtualFilterChain.doFilter(FilterChainProxy.java:374)
	at org.springframework.security.web.authentication.logout.LogoutFilter.doFilter(LogoutFilter.java:107)
	at org.springframework.security.web.authentication.logout.LogoutFilter.doFilter(LogoutFilter.java:93)
	at org.springframework.security.web.FilterChainProxy$VirtualFilterChain.doFilter(FilterChainProxy.java:374)
	at org.springframework.web.filter.CorsFilter.doFilterInternal(CorsFilter.java:91)
	at org.springframework.web.filter.OncePerRequestFilter.doFilter(OncePerRequestFilter.java:116)
	at org.springframework.security.web.FilterChainProxy$VirtualFilterChain.doFilter(FilterChainProxy.java:374)
	at org.springframework.security.web.header.HeaderWriterFilter.doHeadersAfter(HeaderWriterFilter.java:90)
	at org.springframework.security.web.header.HeaderWriterFilter.doFilterInternal(HeaderWriterFilter.java:75)
	at org.springframework.web.filter.OncePerRequestFilter.doFilter(OncePerRequestFilter.java:116)
	at org.springframework.security.web.FilterChainProxy$VirtualFilterChain.doFilter(FilterChainProxy.java:374)
	at org.springframework.security.web.context.SecurityContextHolderFilter.doFilter(SecurityContextHolderFilter.java:82)
	at org.springframework.security.web.context.SecurityContextHolderFilter.doFilter(SecurityContextHolderFilter.java:69)
	at org.springframework.security.web.FilterChainProxy$VirtualFilterChain.doFilter(FilterChainProxy.java:374)
	at org.springframework.security.web.context.request.async.WebAsyncManagerIntegrationFilter.doFilterInternal(WebAsyncManagerIntegrationFilter.java:62)
	at org.springframework.web.filter.OncePerRequestFilter.doFilter(OncePerRequestFilter.java:116)
	at org.springframework.security.web.FilterChainProxy$VirtualFilterChain.doFilter(FilterChainProxy.java:374)
	at org.springframework.security.web.session.DisableEncodeUrlFilter.doFilterInternal(DisableEncodeUrlFilter.java:42)
	at org.springframework.web.filter.OncePerRequestFilter.doFilter(OncePerRequestFilter.java:116)
	at org.springframework.security.web.FilterChainProxy$VirtualFilterChain.doFilter(FilterChainProxy.java:374)
	at org.springframework.security.web.FilterChainProxy.doFilterInternal(FilterChainProxy.java:233)
	at org.springframework.security.web.FilterChainProxy.doFilter(FilterChainProxy.java:191)
	at org.springframework.web.filter.CompositeFilter$VirtualFilterChain.doFilter(CompositeFilter.java:113)
	at org.springframework.web.servlet.handler.HandlerMappingIntrospector.lambda$createCacheFilter$3(HandlerMappingIntrospector.java:243)
	at org.springframework.web.filter.CompositeFilter$VirtualFilterChain.doFilter(CompositeFilter.java:113)
	at org.springframework.web.filter.CompositeFilter.doFilter(CompositeFilter.java:74)
	at org.springframework.security.config.annotation.web.configuration.WebMvcSecurityConfiguration$CompositeFilterChainProxy.doFilter(WebMvcSecurityConfiguration.java:238)
	at org.springframework.web.filter.DelegatingFilterProxy.invokeDelegate(DelegatingFilterProxy.java:362)
	at org.springframework.web.filter.DelegatingFilterProxy.doFilter(DelegatingFilterProxy.java:278)
	at org.apache.catalina.core.ApplicationFilterChain.internalDoFilter(ApplicationFilterChain.java:164)
	at org.apache.catalina.core.ApplicationFilterChain.doFilter(ApplicationFilterChain.java:140)
	at org.springframework.web.filter.RequestContextFilter.doFilterInternal(RequestContextFilter.java:100)
	at org.springframework.web.filter.OncePerRequestFilter.doFilter(OncePerRequestFilter.java:116)
	at org.apache.catalina.core.ApplicationFilterChain.internalDoFilter(ApplicationFilterChain.java:164)
	at org.apache.catalina.core.ApplicationFilterChain.doFilter(ApplicationFilterChain.java:140)
	at org.springframework.web.filter.FormContentFilter.doFilterInternal(FormContentFilter.java:93)
	at org.springframework.web.filter.OncePerRequestFilter.doFilter(OncePerRequestFilter.java:116)
	at org.apache.catalina.core.ApplicationFilterChain.internalDoFilter(ApplicationFilterChain.java:164)
	at org.apache.catalina.core.ApplicationFilterChain.doFilter(ApplicationFilterChain.java:140)
	at org.springframework.web.filter.CharacterEncodingFilter.doFilterInternal(CharacterEncodingFilter.java:201)
	at org.springframework.web.filter.OncePerRequestFilter.doFilter(OncePerRequestFilter.java:116)
	at org.apache.catalina.core.ApplicationFilterChain.internalDoFilter(ApplicationFilterChain.java:164)
	at org.apache.catalina.core.ApplicationFilterChain.doFilter(ApplicationFilterChain.java:140)
	at org.apache.catalina.core.StandardWrapperValve.invoke(StandardWrapperValve.java:167)
	at org.apache.catalina.core.StandardContextValve.invoke(StandardContextValve.java:90)
	at org.apache.catalina.authenticator.AuthenticatorBase.invoke(AuthenticatorBase.java:483)
	at org.apache.catalina.core.StandardHostValve.invoke(StandardHostValve.java:115)
	at org.apache.catalina.valves.ErrorReportValve.invoke(ErrorReportValve.java:93)
	at org.apache.catalina.core.StandardEngineValve.invoke(StandardEngineValve.java:74)
	at org.apache.catalina.connector.CoyoteAdapter.service(CoyoteAdapter.java:344)
	at org.apache.coyote.http11.Http11Processor.service(Http11Processor.java:397)
	at org.apache.coyote.AbstractProcessorLight.process(AbstractProcessorLight.java:63)
	at org.apache.coyote.AbstractProtocol$ConnectionHandler.process(AbstractProtocol.java:905)
	at org.apache.tomcat.util.net.NioEndpoint$SocketProcessor.doRun(NioEndpoint.java:1743)
	at org.apache.tomcat.util.net.SocketProcessorBase.run(SocketProcessorBase.java:52)
	at org.apache.tomcat.util.threads.ThreadPoolExecutor.runWorker(ThreadPoolExecutor.java:1190)
	at org.apache.tomcat.util.threads.ThreadPoolExecutor$Worker.run(ThreadPoolExecutor.java:659)
	at org.apache.tomcat.util.threads.TaskThread$WrappingRunnable.run(TaskThread.java:63)
	at java.base/java.lang.Thread.run(Thread.java:842)
2025-08-18 10:46:35 - c.r.s.controller.AuthController - Service method called using @Slf4j
2025-08-18 10:48:59 - c.r.smartflow.SmartflowApplication - Starting SmartflowApplication using Java 17.0.12 with PID 13976 (E:\BootCamp\finalproject\server\target\classes started by Administrator in E:\BootCamp\finalproject\server)
2025-08-18 10:48:59 - c.r.smartflow.SmartflowApplication - No active profile set, falling back to 1 default profile: "default"
2025-08-18 10:49:09 - c.r.smartflow.SmartflowApplication - Started SmartflowApplication in 10.641 seconds (process running for 11.366)
2025-08-18 10:52:57 - c.r.smartflow.SmartflowApplication - Starting SmartflowApplication using Java 17.0.12 with PID 19396 (E:\BootCamp\finalproject\server\target\classes started by Administrator in E:\BootCamp\finalproject\server)
2025-08-18 10:52:57 - c.r.smartflow.SmartflowApplication - No active profile set, falling back to 1 default profile: "default"
2025-08-18 10:53:04 - c.r.smartflow.SmartflowApplication - Started SmartflowApplication in 8.526 seconds (process running for 9.029)
2025-08-18 12:02:39 - o.h.e.jdbc.spi.SqlExceptionHelper - Duplicate entry 'Organic Products' for key 'sf_categories.UKhthnsg6r77wu4b28jse7ypwje'
2025-08-18 12:13:26 - c.r.smartflow.SmartflowApplication - Starting SmartflowApplication using Java 17.0.12 with PID 824 (E:\BootCamp\finalproject\server\target\classes started by Administrator in E:\BootCamp\finalproject\server)
2025-08-18 12:13:26 - c.r.smartflow.SmartflowApplication - No active profile set, falling back to 1 default profile: "default"
2025-08-18 12:13:34 - c.r.smartflow.SmartflowApplication - Started SmartflowApplication in 9.025 seconds (process running for 9.726)
2025-08-18 12:17:08 - c.r.s.controller.AuthController - Service method called using @Slf4j
2025-08-18 12:20:18 - c.r.s.controller.AuthController - Service method called using @Slf4j
2025-08-18 12:20:34 - o.h.e.jdbc.spi.SqlExceptionHelper - Duplicate entry 'Books 2' for key 'sf_categories.UKhthnsg6r77wu4b28jse7ypwje'
2025-08-18 12:20:55 - o.h.e.jdbc.spi.SqlExceptionHelper - Duplicate entry 'Books 2' for key 'sf_categories.UKhthnsg6r77wu4b28jse7ypwje'
2025-08-18 12:21:10 - c.r.s.controller.AuthController - Service method called using @Slf4j
2025-08-18 12:21:20 - o.h.e.jdbc.spi.SqlExceptionHelper - Duplicate entry 'Books 2' for key 'sf_categories.UKhthnsg6r77wu4b28jse7ypwje'
2025-08-18 12:21:48 - c.r.s.controller.AuthController - Service method called using @Slf4j
2025-08-18 12:21:58 - o.h.e.jdbc.spi.SqlExceptionHelper - Duplicate entry 'Books 2' for key 'sf_categories.UKhthnsg6r77wu4b28jse7ypwje'
2025-08-18 12:23:17 - o.h.e.jdbc.spi.SqlExceptionHelper - Duplicate entry 'Books 2' for key 'sf_categories.UKhthnsg6r77wu4b28jse7ypwje'
2025-08-18 12:25:03 - c.r.smartflow.SmartflowApplication - Starting SmartflowApplication using Java 17.0.12 with PID 12664 (E:\BootCamp\finalproject\server\target\classes started by Administrator in E:\BootCamp\finalproject\server)
2025-08-18 12:25:03 - c.r.smartflow.SmartflowApplication - No active profile set, falling back to 1 default profile: "default"
2025-08-18 12:25:10 - c.r.smartflow.SmartflowApplication - Started SmartflowApplication in 8.155 seconds (process running for 8.602)
2025-08-18 12:25:21 - o.h.e.jdbc.spi.SqlExceptionHelper - Duplicate entry 'Books 2' for key 'sf_categories.UKhthnsg6r77wu4b28jse7ypwje'
2025-08-18 12:25:50 - o.h.e.jdbc.spi.SqlExceptionHelper - Duplicate entry 'Books 2' for key 'sf_categories.UKhthnsg6r77wu4b28jse7ypwje'
2025-08-18 13:38:06 - c.r.smartflow.SmartflowApplication - Starting SmartflowApplication using Java 17.0.12 with PID 13348 (E:\BootCamp\finalproject\server\target\classes started by Administrator in E:\BootCamp\finalproject\server)
2025-08-18 13:38:06 - c.r.smartflow.SmartflowApplication - No active profile set, falling back to 1 default profile: "default"
2025-08-18 13:38:14 - o.s.boot.SpringApplication - Application run failed
org.springframework.beans.factory.UnsatisfiedDependencyException: Error creating bean with name 'dashboardController' defined in file [E:\BootCamp\finalproject\server\target\classes\com\rubsal\smartflow\controller\DashboardController.class]: Unsatisfied dependency expressed through constructor parameter 0: Error creating bean with name 'DashboardService' defined in file [E:\BootCamp\finalproject\server\target\classes\com\rubsal\smartflow\service\serviceImpl\DashboardServiceImp.class]: Unsatisfied dependency expressed through constructor parameter 1: Error creating bean with name 'saleRepo' defined in com.rubsal.smartflow.repository.SaleRepo defined in @EnableJpaRepositories declared on JpaRepositoriesRegistrar.EnableJpaRepositoriesConfiguration: Could not create query for public abstract java.util.List com.rubsal.smartflow.repository.SaleRepo.byMostSaled(java.lang.Integer); Reason: At 9:18, token recognition error at: ';'; Bad HQL grammar [SELECT 
    sp.name, 
    SUM(ssi.quantity) AS maxi
FROM sf_sale_items ssi
LEFT JOIN sf_products sp ON ssi.product_id = sp.id
LEFT JOIN sf_sales ss ON ssi.sale_id = ss.sale_id
WHERE ss.business_id = :businessId
GROUP BY sp.name
ORDER BY maxi DESC;]
	at org.springframework.beans.factory.support.ConstructorResolver.createArgumentArray(ConstructorResolver.java:804)
	at org.springframework.beans.factory.support.ConstructorResolver.autowireConstructor(ConstructorResolver.java:240)
	at org.springframework.beans.factory.support.AbstractAutowireCapableBeanFactory.autowireConstructor(AbstractAutowireCapableBeanFactory.java:1381)
	at org.springframework.beans.factory.support.AbstractAutowireCapableBeanFactory.createBeanInstance(AbstractAutowireCapableBeanFactory.java:1218)
	at org.springframework.beans.factory.support.AbstractAutowireCapableBeanFactory.doCreateBean(AbstractAutowireCapableBeanFactory.java:563)
	at org.springframework.beans.factory.support.AbstractAutowireCapableBeanFactory.createBean(AbstractAutowireCapableBeanFactory.java:523)
	at org.springframework.beans.factory.support.AbstractBeanFactory.lambda$doGetBean$0(AbstractBeanFactory.java:339)
	at org.springframework.beans.factory.support.DefaultSingletonBeanRegistry.getSingleton(DefaultSingletonBeanRegistry.java:346)
	at org.springframework.beans.factory.support.AbstractBeanFactory.doGetBean(AbstractBeanFactory.java:337)
	at org.springframework.beans.factory.support.AbstractBeanFactory.getBean(AbstractBeanFactory.java:202)
	at org.springframework.beans.factory.support.DefaultListableBeanFactory.instantiateSingleton(DefaultListableBeanFactory.java:1155)
	at org.springframework.beans.factory.support.DefaultListableBeanFactory.preInstantiateSingleton(DefaultListableBeanFactory.java:1121)
	at org.springframework.beans.factory.support.DefaultListableBeanFactory.preInstantiateSingletons(DefaultListableBeanFactory.java:1056)
	at org.springframework.context.support.AbstractApplicationContext.finishBeanFactoryInitialization(AbstractApplicationContext.java:987)
	at org.springframework.context.support.AbstractApplicationContext.refresh(AbstractApplicationContext.java:627)
	at org.springframework.boot.web.servlet.context.ServletWebServerApplicationContext.refresh(ServletWebServerApplicationContext.java:146)
	at org.springframework.boot.SpringApplication.refresh(SpringApplication.java:752)
	at org.springframework.boot.SpringApplication.refreshContext(SpringApplication.java:439)
	at org.springframework.boot.SpringApplication.run(SpringApplication.java:318)
	at org.springframework.boot.SpringApplication.run(SpringApplication.java:1361)
	at org.springframework.boot.SpringApplication.run(SpringApplication.java:1350)
	at com.rubsal.smartflow.SmartflowApplication.main(SmartflowApplication.java:10)
Caused by: org.springframework.beans.factory.UnsatisfiedDependencyException: Error creating bean with name 'DashboardService' defined in file [E:\BootCamp\finalproject\server\target\classes\com\rubsal\smartflow\service\serviceImpl\DashboardServiceImp.class]: Unsatisfied dependency expressed through constructor parameter 1: Error creating bean with name 'saleRepo' defined in com.rubsal.smartflow.repository.SaleRepo defined in @EnableJpaRepositories declared on JpaRepositoriesRegistrar.EnableJpaRepositoriesConfiguration: Could not create query for public abstract java.util.List com.rubsal.smartflow.repository.SaleRepo.byMostSaled(java.lang.Integer); Reason: At 9:18, token recognition error at: ';'; Bad HQL grammar [SELECT 
    sp.name, 
    SUM(ssi.quantity) AS maxi
FROM sf_sale_items ssi
LEFT JOIN sf_products sp ON ssi.product_id = sp.id
LEFT JOIN sf_sales ss ON ssi.sale_id = ss.sale_id
WHERE ss.business_id = :businessId
GROUP BY sp.name
ORDER BY maxi DESC;]
	at org.springframework.beans.factory.support.ConstructorResolver.createArgumentArray(ConstructorResolver.java:804)
	at org.springframework.beans.factory.support.ConstructorResolver.autowireConstructor(ConstructorResolver.java:240)
	at org.springframework.beans.factory.support.AbstractAutowireCapableBeanFactory.autowireConstructor(AbstractAutowireCapableBeanFactory.java:1381)
	at org.springframework.beans.factory.support.AbstractAutowireCapableBeanFactory.createBeanInstance(AbstractAutowireCapableBeanFactory.java:1218)
	at org.springframework.beans.factory.support.AbstractAutowireCapableBeanFactory.doCreateBean(AbstractAutowireCapableBeanFactory.java:563)
	at org.springframework.beans.factory.support.AbstractAutowireCapableBeanFactory.createBean(AbstractAutowireCapableBeanFactory.java:523)
	at org.springframework.beans.factory.support.AbstractBeanFactory.lambda$doGetBean$0(AbstractBeanFactory.java:339)
	at org.springframework.beans.factory.support.DefaultSingletonBeanRegistry.getSingleton(DefaultSingletonBeanRegistry.java:346)
	at org.springframework.beans.factory.support.AbstractBeanFactory.doGetBean(AbstractBeanFactory.java:337)
	at org.springframework.beans.factory.support.AbstractBeanFactory.getBean(AbstractBeanFactory.java:202)
	at org.springframework.beans.factory.config.DependencyDescriptor.resolveCandidate(DependencyDescriptor.java:254)
	at org.springframework.beans.factory.support.DefaultListableBeanFactory.doResolveDependency(DefaultListableBeanFactory.java:1664)
	at org.springframework.beans.factory.support.DefaultListableBeanFactory.resolveDependency(DefaultListableBeanFactory.java:1552)
	at org.springframework.beans.factory.support.ConstructorResolver.resolveAutowiredArgument(ConstructorResolver.java:913)
	at org.springframework.beans.factory.support.ConstructorResolver.createArgumentArray(ConstructorResolver.java:791)
	... 21 common frames omitted
Caused by: org.springframework.beans.factory.BeanCreationException: Error creating bean with name 'saleRepo' defined in com.rubsal.smartflow.repository.SaleRepo defined in @EnableJpaRepositories declared on JpaRepositoriesRegistrar.EnableJpaRepositoriesConfiguration: Could not create query for public abstract java.util.List com.rubsal.smartflow.repository.SaleRepo.byMostSaled(java.lang.Integer); Reason: At 9:18, token recognition error at: ';'; Bad HQL grammar [SELECT 
    sp.name, 
    SUM(ssi.quantity) AS maxi
FROM sf_sale_items ssi
LEFT JOIN sf_products sp ON ssi.product_id = sp.id
LEFT JOIN sf_sales ss ON ssi.sale_id = ss.sale_id
WHERE ss.business_id = :businessId
GROUP BY sp.name
ORDER BY maxi DESC;]
	at org.springframework.beans.factory.support.AbstractAutowireCapableBeanFactory.initializeBean(AbstractAutowireCapableBeanFactory.java:1812)
	at org.springframework.beans.factory.support.AbstractAutowireCapableBeanFactory.doCreateBean(AbstractAutowireCapableBeanFactory.java:601)
	at org.springframework.beans.factory.support.AbstractAutowireCapableBeanFactory.createBean(AbstractAutowireCapableBeanFactory.java:523)
	at org.springframework.beans.factory.support.AbstractBeanFactory.lambda$doGetBean$0(AbstractBeanFactory.java:339)
	at org.springframework.beans.factory.support.DefaultSingletonBeanRegistry.getSingleton(DefaultSingletonBeanRegistry.java:346)
	at org.springframework.beans.factory.support.AbstractBeanFactory.doGetBean(AbstractBeanFactory.java:337)
	at org.springframework.beans.factory.support.AbstractBeanFactory.getBean(AbstractBeanFactory.java:202)
	at org.springframework.beans.factory.support.DefaultListableBeanFactory.doResolveDependency(DefaultListableBeanFactory.java:1606)
	at org.springframework.beans.factory.support.DefaultListableBeanFactory.resolveDependency(DefaultListableBeanFactory.java:1552)
	at org.springframework.beans.factory.support.ConstructorResolver.resolveAutowiredArgument(ConstructorResolver.java:913)
	at org.springframework.beans.factory.support.ConstructorResolver.createArgumentArray(ConstructorResolver.java:791)
	... 35 common frames omitted
Caused by: org.springframework.data.repository.query.QueryCreationException: Could not create query for public abstract java.util.List com.rubsal.smartflow.repository.SaleRepo.byMostSaled(java.lang.Integer); Reason: At 9:18, token recognition error at: ';'; Bad HQL grammar [SELECT 
    sp.name, 
    SUM(ssi.quantity) AS maxi
FROM sf_sale_items ssi
LEFT JOIN sf_products sp ON ssi.product_id = sp.id
LEFT JOIN sf_sales ss ON ssi.sale_id = ss.sale_id
WHERE ss.business_id = :businessId
GROUP BY sp.name
ORDER BY maxi DESC;]
	at org.springframework.data.repository.query.QueryCreationException.create(QueryCreationException.java:101)
	at org.springframework.data.repository.core.support.QueryExecutorMethodInterceptor.lookupQuery(QueryExecutorMethodInterceptor.java:120)
	at org.springframework.data.repository.core.support.QueryExecutorMethodInterceptor.mapMethodsToQuery(QueryExecutorMethodInterceptor.java:104)
	at org.springframework.data.repository.core.support.QueryExecutorMethodInterceptor.lambda$new$0(QueryExecutorMethodInterceptor.java:92)
	at java.base/java.util.Optional.map(Optional.java:260)
	at org.springframework.data.repository.core.support.QueryExecutorMethodInterceptor.<init>(QueryExecutorMethodInterceptor.java:92)
	at org.springframework.data.repository.core.support.RepositoryFactorySupport.getRepository(RepositoryFactorySupport.java:440)
	at org.springframework.data.repository.core.support.RepositoryFactoryBeanSupport.lambda$afterPropertiesSet$4(RepositoryFactoryBeanSupport.java:350)
	at org.springframework.data.util.Lazy.getNullable(Lazy.java:135)
	at org.springframework.data.util.Lazy.get(Lazy.java:113)
	at org.springframework.data.repository.core.support.RepositoryFactoryBeanSupport.afterPropertiesSet(RepositoryFactoryBeanSupport.java:356)
	at org.springframework.data.jpa.repository.support.JpaRepositoryFactoryBean.afterPropertiesSet(JpaRepositoryFactoryBean.java:132)
	at org.springframework.beans.factory.support.AbstractAutowireCapableBeanFactory.invokeInitMethods(AbstractAutowireCapableBeanFactory.java:1859)
	at org.springframework.beans.factory.support.AbstractAutowireCapableBeanFactory.initializeBean(AbstractAutowireCapableBeanFactory.java:1808)
	... 45 common frames omitted
Caused by: org.springframework.data.jpa.repository.query.BadJpqlGrammarException: At 9:18, token recognition error at: ';'; Bad HQL grammar [SELECT 
    sp.name, 
    SUM(ssi.quantity) AS maxi
FROM sf_sale_items ssi
LEFT JOIN sf_products sp ON ssi.product_id = sp.id
LEFT JOIN sf_sales ss ON ssi.sale_id = ss.sale_id
WHERE ss.business_id = :businessId
GROUP BY sp.name
ORDER BY maxi DESC;]
	at org.springframework.data.jpa.repository.query.BadJpqlGrammarErrorListener.syntaxError(BadJpqlGrammarErrorListener.java:53)
	at org.antlr.v4.runtime.ProxyErrorListener.syntaxError(ProxyErrorListener.java:41)
	at org.antlr.v4.runtime.Lexer.notifyListeners(Lexer.java:364)
	at org.antlr.v4.runtime.Lexer.nextToken(Lexer.java:144)
	at org.antlr.v4.runtime.BufferedTokenStream.fetch(BufferedTokenStream.java:169)
	at org.antlr.v4.runtime.BufferedTokenStream.sync(BufferedTokenStream.java:152)
	at org.antlr.v4.runtime.BufferedTokenStream.consume(BufferedTokenStream.java:136)
	at org.antlr.v4.runtime.Parser.consume(Parser.java:571)
	at org.springframework.data.jpa.repository.query.HqlParser.sortDirection(HqlParser.java:3181)
	at org.springframework.data.jpa.repository.query.HqlParser.sortedItem(HqlParser.java:3047)
	at org.springframework.data.jpa.repository.query.HqlParser.orderByClause(HqlParser.java:4368)
	at org.springframework.data.jpa.repository.query.HqlParser.queryOrder(HqlParser.java:1438)
	at org.springframework.data.jpa.repository.query.HqlParser.orderedQuery(HqlParser.java:1184)
	at org.springframework.data.jpa.repository.query.HqlParser.queryExpression(HqlParser.java:540)
	at org.springframework.data.jpa.repository.query.HqlParser.selectStatement(HqlParser.java:472)
	at org.springframework.data.jpa.repository.query.HqlParser.ql_statement(HqlParser.java:402)
	at org.springframework.data.jpa.repository.query.HqlParser.start(HqlParser.java:339)
	at org.springframework.data.jpa.repository.query.JpaQueryEnhancer.parse(JpaQueryEnhancer.java:101)
	at org.springframework.data.jpa.repository.query.JpaQueryEnhancer$HqlQueryParser.<init>(JpaQueryEnhancer.java:288)
	at org.springframework.data.jpa.repository.query.JpaQueryEnhancer$HqlQueryParser.parseQuery(JpaQueryEnhancer.java:300)
	at org.springframework.data.jpa.repository.query.JpaQueryEnhancer.forHql(JpaQueryEnhancer.java:163)
	at org.springframework.data.jpa.repository.query.QueryEnhancerFactory.forQuery(QueryEnhancerFactory.java:68)
	at org.springframework.data.jpa.repository.query.StringQuery.<init>(StringQuery.java:97)
	at org.springframework.data.jpa.repository.query.StringQuery.<init>(StringQuery.java:76)
	at org.springframework.data.jpa.repository.query.ExpressionBasedStringQuery.<init>(ExpressionBasedStringQuery.java:65)
	at org.springframework.data.jpa.repository.query.AbstractStringBasedJpaQuery.<init>(AbstractStringBasedJpaQuery.java:84)
	at org.springframework.data.jpa.repository.query.SimpleJpaQuery.<init>(SimpleJpaQuery.java:65)
	at org.springframework.data.jpa.repository.query.JpaQueryFactory.fromMethodWithQueryString(JpaQueryFactory.java:49)
	at org.springframework.data.jpa.repository.query.JpaQueryLookupStrategy$DeclaredQueryLookupStrategy.resolveQuery(JpaQueryLookupStrategy.java:174)
	at org.springframework.data.jpa.repository.query.JpaQueryLookupStrategy$CreateIfNotFoundQueryLookupStrategy.resolveQuery(JpaQueryLookupStrategy.java:256)
	at org.springframework.data.jpa.repository.query.JpaQueryLookupStrategy$AbstractQueryLookupStrategy.resolveQuery(JpaQueryLookupStrategy.java:99)
	at org.springframework.data.repository.core.support.QueryExecutorMethodInterceptor.lookupQuery(QueryExecutorMethodInterceptor.java:116)
	... 57 common frames omitted
2025-08-18 13:43:34 - c.r.smartflow.SmartflowApplication - Starting SmartflowApplication using Java 17.0.12 with PID 4100 (E:\BootCamp\finalproject\server\target\classes started by Administrator in E:\BootCamp\finalproject\server)
2025-08-18 13:43:34 - c.r.smartflow.SmartflowApplication - No active profile set, falling back to 1 default profile: "default"
2025-08-18 13:44:00 - c.r.smartflow.SmartflowApplication - Started SmartflowApplication in 27.013 seconds (process running for 27.624)
2025-08-18 13:46:01 - o.a.c.c.C.[.[.[.[dispatcherServlet] - Servlet.service() for servlet [dispatcherServlet] in context with path [] threw exception
io.jsonwebtoken.ExpiredJwtException: JWT expired at 2025-08-15T08:37:22Z. Current time: 2025-08-18T11:46:01Z, a difference of 270519652 milliseconds.  Allowed clock skew: 0 milliseconds.
	at io.jsonwebtoken.impl.DefaultJwtParser.parse(DefaultJwtParser.java:427)
	at io.jsonwebtoken.impl.DefaultJwtParser.parse(DefaultJwtParser.java:529)
	at io.jsonwebtoken.impl.DefaultJwtParser.parseClaimsJws(DefaultJwtParser.java:589)
	at io.jsonwebtoken.impl.ImmutableJwtParser.parseClaimsJws(ImmutableJwtParser.java:173)
	at com.rubsal.smartflow.utils.JwtUtil.extractUsername(JwtUtil.java:33)
	at com.rubsal.smartflow.config.JwtAuthFilter.doFilterInternal(JwtAuthFilter.java:40)
	at org.springframework.web.filter.OncePerRequestFilter.doFilter(OncePerRequestFilter.java:116)
	at org.springframework.security.web.FilterChainProxy$VirtualFilterChain.doFilter(FilterChainProxy.java:374)
	at org.springframework.security.web.authentication.logout.LogoutFilter.doFilter(LogoutFilter.java:107)
	at org.springframework.security.web.authentication.logout.LogoutFilter.doFilter(LogoutFilter.java:93)
	at org.springframework.security.web.FilterChainProxy$VirtualFilterChain.doFilter(FilterChainProxy.java:374)
	at org.springframework.web.filter.CorsFilter.doFilterInternal(CorsFilter.java:91)
	at org.springframework.web.filter.OncePerRequestFilter.doFilter(OncePerRequestFilter.java:116)
	at org.springframework.security.web.FilterChainProxy$VirtualFilterChain.doFilter(FilterChainProxy.java:374)
	at org.springframework.security.web.header.HeaderWriterFilter.doHeadersAfter(HeaderWriterFilter.java:90)
	at org.springframework.security.web.header.HeaderWriterFilter.doFilterInternal(HeaderWriterFilter.java:75)
	at org.springframework.web.filter.OncePerRequestFilter.doFilter(OncePerRequestFilter.java:116)
	at org.springframework.security.web.FilterChainProxy$VirtualFilterChain.doFilter(FilterChainProxy.java:374)
	at org.springframework.security.web.context.SecurityContextHolderFilter.doFilter(SecurityContextHolderFilter.java:82)
	at org.springframework.security.web.context.SecurityContextHolderFilter.doFilter(SecurityContextHolderFilter.java:69)
	at org.springframework.security.web.FilterChainProxy$VirtualFilterChain.doFilter(FilterChainProxy.java:374)
	at org.springframework.security.web.context.request.async.WebAsyncManagerIntegrationFilter.doFilterInternal(WebAsyncManagerIntegrationFilter.java:62)
	at org.springframework.web.filter.OncePerRequestFilter.doFilter(OncePerRequestFilter.java:116)
	at org.springframework.security.web.FilterChainProxy$VirtualFilterChain.doFilter(FilterChainProxy.java:374)
	at org.springframework.security.web.session.DisableEncodeUrlFilter.doFilterInternal(DisableEncodeUrlFilter.java:42)
	at org.springframework.web.filter.OncePerRequestFilter.doFilter(OncePerRequestFilter.java:116)
	at org.springframework.security.web.FilterChainProxy$VirtualFilterChain.doFilter(FilterChainProxy.java:374)
	at org.springframework.security.web.FilterChainProxy.doFilterInternal(FilterChainProxy.java:233)
	at org.springframework.security.web.FilterChainProxy.doFilter(FilterChainProxy.java:191)
	at org.springframework.web.filter.CompositeFilter$VirtualFilterChain.doFilter(CompositeFilter.java:113)
	at org.springframework.web.servlet.handler.HandlerMappingIntrospector.lambda$createCacheFilter$3(HandlerMappingIntrospector.java:243)
	at org.springframework.web.filter.CompositeFilter$VirtualFilterChain.doFilter(CompositeFilter.java:113)
	at org.springframework.web.filter.CompositeFilter.doFilter(CompositeFilter.java:74)
	at org.springframework.security.config.annotation.web.configuration.WebMvcSecurityConfiguration$CompositeFilterChainProxy.doFilter(WebMvcSecurityConfiguration.java:238)
	at org.springframework.web.filter.DelegatingFilterProxy.invokeDelegate(DelegatingFilterProxy.java:362)
	at org.springframework.web.filter.DelegatingFilterProxy.doFilter(DelegatingFilterProxy.java:278)
	at org.apache.catalina.core.ApplicationFilterChain.internalDoFilter(ApplicationFilterChain.java:164)
	at org.apache.catalina.core.ApplicationFilterChain.doFilter(ApplicationFilterChain.java:140)
	at org.springframework.web.filter.RequestContextFilter.doFilterInternal(RequestContextFilter.java:100)
	at org.springframework.web.filter.OncePerRequestFilter.doFilter(OncePerRequestFilter.java:116)
	at org.apache.catalina.core.ApplicationFilterChain.internalDoFilter(ApplicationFilterChain.java:164)
	at org.apache.catalina.core.ApplicationFilterChain.doFilter(ApplicationFilterChain.java:140)
	at org.springframework.web.filter.FormContentFilter.doFilterInternal(FormContentFilter.java:93)
	at org.springframework.web.filter.OncePerRequestFilter.doFilter(OncePerRequestFilter.java:116)
	at org.apache.catalina.core.ApplicationFilterChain.internalDoFilter(ApplicationFilterChain.java:164)
	at org.apache.catalina.core.ApplicationFilterChain.doFilter(ApplicationFilterChain.java:140)
	at org.springframework.web.filter.CharacterEncodingFilter.doFilterInternal(CharacterEncodingFilter.java:201)
	at org.springframework.web.filter.OncePerRequestFilter.doFilter(OncePerRequestFilter.java:116)
	at org.apache.catalina.core.ApplicationFilterChain.internalDoFilter(ApplicationFilterChain.java:164)
	at org.apache.catalina.core.ApplicationFilterChain.doFilter(ApplicationFilterChain.java:140)
	at org.apache.catalina.core.StandardWrapperValve.invoke(StandardWrapperValve.java:167)
	at org.apache.catalina.core.StandardContextValve.invoke(StandardContextValve.java:90)
	at org.apache.catalina.authenticator.AuthenticatorBase.invoke(AuthenticatorBase.java:483)
	at org.apache.catalina.core.StandardHostValve.invoke(StandardHostValve.java:115)
	at org.apache.catalina.valves.ErrorReportValve.invoke(ErrorReportValve.java:93)
	at org.apache.catalina.core.StandardEngineValve.invoke(StandardEngineValve.java:74)
	at org.apache.catalina.connector.CoyoteAdapter.service(CoyoteAdapter.java:344)
	at org.apache.coyote.http11.Http11Processor.service(Http11Processor.java:397)
	at org.apache.coyote.AbstractProcessorLight.process(AbstractProcessorLight.java:63)
	at org.apache.coyote.AbstractProtocol$ConnectionHandler.process(AbstractProtocol.java:905)
	at org.apache.tomcat.util.net.NioEndpoint$SocketProcessor.doRun(NioEndpoint.java:1743)
	at org.apache.tomcat.util.net.SocketProcessorBase.run(SocketProcessorBase.java:52)
	at org.apache.tomcat.util.threads.ThreadPoolExecutor.runWorker(ThreadPoolExecutor.java:1190)
	at org.apache.tomcat.util.threads.ThreadPoolExecutor$Worker.run(ThreadPoolExecutor.java:659)
	at org.apache.tomcat.util.threads.TaskThread$WrappingRunnable.run(TaskThread.java:63)
	at java.base/java.lang.Thread.run(Thread.java:842)
2025-08-18 13:46:08 - c.r.s.controller.AuthController - Service method called using @Slf4j
