2025-08-14 09:30:16 - c.r.smartflow.SmartflowApplication - Starting SmartflowApplication using Java 17.0.12 with PID 12552 (E:\BootCamp\finalproject\server\target\classes started by Administrator in E:\BootCamp\finalproject\server)
2025-08-14 09:30:16 - c.r.smartflow.SmartflowApplication - No active profile set, falling back to 1 default profile: "default"
2025-08-14 09:30:24 - c.r.smartflow.SmartflowApplication - Started SmartflowApplication in 8.645 seconds (process running for 9.265)
2025-08-14 09:30:26 - c.r.s.controller.AuthController - Service method called using @Slf4j
2025-08-14 09:30:26 - c.r.s.controller.AuthController - Service method called using @Slf4j
2025-08-14 09:52:29 - c.r.smartflow.SmartflowApplication - Starting SmartflowApplication using Java 17.0.12 with PID 22116 (E:\BootCamp\finalproject\server\target\classes started by Administrator in E:\BootCamp\finalproject\server)
2025-08-14 09:52:29 - c.r.smartflow.SmartflowApplication - No active profile set, falling back to 1 default profile: "default"
2025-08-14 09:52:42 - c.r.smartflow.SmartflowApplication - Started SmartflowApplication in 15.127 seconds (process running for 16.196)
2025-08-14 09:52:47 - o.a.c.c.C.[.[.[.[dispatcherServlet] - Servlet.service() for servlet [dispatcherServlet] in context with path [] threw exception
io.jsonwebtoken.ExpiredJwtException: JWT expired at 2025-08-13T08:32:36Z. Current time: 2025-08-14T07:52:47Z, a difference of 84011957 milliseconds.  Allowed clock skew: 0 milliseconds.
	at io.jsonwebtoken.impl.DefaultJwtParser.parse(DefaultJwtParser.java:427)
	at io.jsonwebtoken.impl.DefaultJwtParser.parse(DefaultJwtParser.java:529)
	at io.jsonwebtoken.impl.DefaultJwtParser.parseClaimsJws(DefaultJwtParser.java:589)
	at io.jsonwebtoken.impl.ImmutableJwtParser.parseClaimsJws(ImmutableJwtParser.java:173)
	at com.rubsal.smartflow.utils.JwtUtil.extractUsername(JwtUtil.java:33)
	at com.rubsal.smartflow.config.JwtAuthFilter.doFilterInternal(JwtAuthFilter.java:40)
	at org.springframework.web.filter.OncePerRequestFilter.doFilter(OncePerRequestFilter.java:116)
	at org.springframework.security.web.FilterChainProxy$VirtualFilterChain.doFilter(FilterChainProxy.java:374)
	at org.springframework.security.web.authentication.logout.LogoutFilter.doFilter(LogoutFilter.java:107)
	at org.springframework.security.web.authentication.logout.LogoutFilter.doFilter(LogoutFilter.java:93)
	at org.springframework.security.web.FilterChainProxy$VirtualFilterChain.doFilter(FilterChainProxy.java:374)
	at org.springframework.web.filter.CorsFilter.doFilterInternal(CorsFilter.java:91)
	at org.springframework.web.filter.OncePerRequestFilter.doFilter(OncePerRequestFilter.java:116)
	at org.springframework.security.web.FilterChainProxy$VirtualFilterChain.doFilter(FilterChainProxy.java:374)
	at org.springframework.security.web.header.HeaderWriterFilter.doHeadersAfter(HeaderWriterFilter.java:90)
	at org.springframework.security.web.header.HeaderWriterFilter.doFilterInternal(HeaderWriterFilter.java:75)
	at org.springframework.web.filter.OncePerRequestFilter.doFilter(OncePerRequestFilter.java:116)
	at org.springframework.security.web.FilterChainProxy$VirtualFilterChain.doFilter(FilterChainProxy.java:374)
	at org.springframework.security.web.context.SecurityContextHolderFilter.doFilter(SecurityContextHolderFilter.java:82)
	at org.springframework.security.web.context.SecurityContextHolderFilter.doFilter(SecurityContextHolderFilter.java:69)
	at org.springframework.security.web.FilterChainProxy$VirtualFilterChain.doFilter(FilterChainProxy.java:374)
	at org.springframework.security.web.context.request.async.WebAsyncManagerIntegrationFilter.doFilterInternal(WebAsyncManagerIntegrationFilter.java:62)
	at org.springframework.web.filter.OncePerRequestFilter.doFilter(OncePerRequestFilter.java:116)
	at org.springframework.security.web.FilterChainProxy$VirtualFilterChain.doFilter(FilterChainProxy.java:374)
	at org.springframework.security.web.session.DisableEncodeUrlFilter.doFilterInternal(DisableEncodeUrlFilter.java:42)
	at org.springframework.web.filter.OncePerRequestFilter.doFilter(OncePerRequestFilter.java:116)
	at org.springframework.security.web.FilterChainProxy$VirtualFilterChain.doFilter(FilterChainProxy.java:374)
	at org.springframework.security.web.FilterChainProxy.doFilterInternal(FilterChainProxy.java:233)
	at org.springframework.security.web.FilterChainProxy.doFilter(FilterChainProxy.java:191)
	at org.springframework.web.filter.CompositeFilter$VirtualFilterChain.doFilter(CompositeFilter.java:113)
	at org.springframework.web.servlet.handler.HandlerMappingIntrospector.lambda$createCacheFilter$3(HandlerMappingIntrospector.java:243)
	at org.springframework.web.filter.CompositeFilter$VirtualFilterChain.doFilter(CompositeFilter.java:113)
	at org.springframework.web.filter.CompositeFilter.doFilter(CompositeFilter.java:74)
	at org.springframework.security.config.annotation.web.configuration.WebMvcSecurityConfiguration$CompositeFilterChainProxy.doFilter(WebMvcSecurityConfiguration.java:238)
	at org.springframework.web.filter.DelegatingFilterProxy.invokeDelegate(DelegatingFilterProxy.java:362)
	at org.springframework.web.filter.DelegatingFilterProxy.doFilter(DelegatingFilterProxy.java:278)
	at org.apache.catalina.core.ApplicationFilterChain.internalDoFilter(ApplicationFilterChain.java:164)
	at org.apache.catalina.core.ApplicationFilterChain.doFilter(ApplicationFilterChain.java:140)
	at org.springframework.web.filter.RequestContextFilter.doFilterInternal(RequestContextFilter.java:100)
	at org.springframework.web.filter.OncePerRequestFilter.doFilter(OncePerRequestFilter.java:116)
	at org.apache.catalina.core.ApplicationFilterChain.internalDoFilter(ApplicationFilterChain.java:164)
	at org.apache.catalina.core.ApplicationFilterChain.doFilter(ApplicationFilterChain.java:140)
	at org.springframework.web.filter.FormContentFilter.doFilterInternal(FormContentFilter.java:93)
	at org.springframework.web.filter.OncePerRequestFilter.doFilter(OncePerRequestFilter.java:116)
	at org.apache.catalina.core.ApplicationFilterChain.internalDoFilter(ApplicationFilterChain.java:164)
	at org.apache.catalina.core.ApplicationFilterChain.doFilter(ApplicationFilterChain.java:140)
	at org.springframework.web.filter.CharacterEncodingFilter.doFilterInternal(CharacterEncodingFilter.java:201)
	at org.springframework.web.filter.OncePerRequestFilter.doFilter(OncePerRequestFilter.java:116)
	at org.apache.catalina.core.ApplicationFilterChain.internalDoFilter(ApplicationFilterChain.java:164)
	at org.apache.catalina.core.ApplicationFilterChain.doFilter(ApplicationFilterChain.java:140)
	at org.apache.catalina.core.StandardWrapperValve.invoke(StandardWrapperValve.java:167)
	at org.apache.catalina.core.StandardContextValve.invoke(StandardContextValve.java:90)
	at org.apache.catalina.authenticator.AuthenticatorBase.invoke(AuthenticatorBase.java:483)
	at org.apache.catalina.core.StandardHostValve.invoke(StandardHostValve.java:115)
	at org.apache.catalina.valves.ErrorReportValve.invoke(ErrorReportValve.java:93)
	at org.apache.catalina.core.StandardEngineValve.invoke(StandardEngineValve.java:74)
	at org.apache.catalina.connector.CoyoteAdapter.service(CoyoteAdapter.java:344)
	at org.apache.coyote.http11.Http11Processor.service(Http11Processor.java:397)
	at org.apache.coyote.AbstractProcessorLight.process(AbstractProcessorLight.java:63)
	at org.apache.coyote.AbstractProtocol$ConnectionHandler.process(AbstractProtocol.java:905)
	at org.apache.tomcat.util.net.NioEndpoint$SocketProcessor.doRun(NioEndpoint.java:1743)
	at org.apache.tomcat.util.net.SocketProcessorBase.run(SocketProcessorBase.java:52)
	at org.apache.tomcat.util.threads.ThreadPoolExecutor.runWorker(ThreadPoolExecutor.java:1190)
	at org.apache.tomcat.util.threads.ThreadPoolExecutor$Worker.run(ThreadPoolExecutor.java:659)
	at org.apache.tomcat.util.threads.TaskThread$WrappingRunnable.run(TaskThread.java:63)
	at java.base/java.lang.Thread.run(Thread.java:842)
2025-08-14 09:53:00 - c.r.s.controller.AuthController - Service method called using @Slf4j
2025-08-14 09:55:51 - c.r.smartflow.SmartflowApplication - Starting SmartflowApplication using Java 17.0.12 with PID 16020 (E:\BootCamp\finalproject\server\target\classes started by Administrator in E:\BootCamp\finalproject\server)
2025-08-14 09:55:51 - c.r.smartflow.SmartflowApplication - No active profile set, falling back to 1 default profile: "default"
2025-08-14 09:55:59 - c.r.smartflow.SmartflowApplication - Started SmartflowApplication in 8.178 seconds (process running for 8.648)
2025-08-14 10:07:44 - c.r.smartflow.SmartflowApplication - Starting SmartflowApplication using Java 17.0.12 with PID 8792 (E:\BootCamp\finalproject\server\target\classes started by Administrator in E:\BootCamp\finalproject\server)
2025-08-14 10:07:44 - c.r.smartflow.SmartflowApplication - No active profile set, falling back to 1 default profile: "default"
2025-08-14 10:07:51 - c.r.smartflow.SmartflowApplication - Started SmartflowApplication in 7.442 seconds (process running for 7.957)
2025-08-14 10:09:57 - c.r.smartflow.SmartflowApplication - Starting SmartflowApplication using Java 17.0.12 with PID 18872 (E:\BootCamp\finalproject\server\target\classes started by Administrator in E:\BootCamp\finalproject\server)
2025-08-14 10:09:57 - c.r.smartflow.SmartflowApplication - No active profile set, falling back to 1 default profile: "default"
2025-08-14 10:10:05 - c.r.smartflow.SmartflowApplication - Started SmartflowApplication in 8.248 seconds (process running for 8.652)
2025-08-14 10:12:53 - o.a.c.c.C.[.[.[.[dispatcherServlet] - Servlet.service() for servlet [dispatcherServlet] in context with path [] threw exception
io.jsonwebtoken.ExpiredJwtException: JWT expired at 2025-08-13T08:47:12Z. Current time: 2025-08-14T08:12:53Z, a difference of 84341279 milliseconds.  Allowed clock skew: 0 milliseconds.
	at io.jsonwebtoken.impl.DefaultJwtParser.parse(DefaultJwtParser.java:427)
	at io.jsonwebtoken.impl.DefaultJwtParser.parse(DefaultJwtParser.java:529)
	at io.jsonwebtoken.impl.DefaultJwtParser.parseClaimsJws(DefaultJwtParser.java:589)
	at io.jsonwebtoken.impl.ImmutableJwtParser.parseClaimsJws(ImmutableJwtParser.java:173)
	at com.rubsal.smartflow.utils.JwtUtil.extractUsername(JwtUtil.java:33)
	at com.rubsal.smartflow.config.JwtAuthFilter.doFilterInternal(JwtAuthFilter.java:40)
	at org.springframework.web.filter.OncePerRequestFilter.doFilter(OncePerRequestFilter.java:116)
	at org.springframework.security.web.FilterChainProxy$VirtualFilterChain.doFilter(FilterChainProxy.java:374)
	at org.springframework.security.web.authentication.logout.LogoutFilter.doFilter(LogoutFilter.java:107)
	at org.springframework.security.web.authentication.logout.LogoutFilter.doFilter(LogoutFilter.java:93)
	at org.springframework.security.web.FilterChainProxy$VirtualFilterChain.doFilter(FilterChainProxy.java:374)
	at org.springframework.web.filter.CorsFilter.doFilterInternal(CorsFilter.java:91)
	at org.springframework.web.filter.OncePerRequestFilter.doFilter(OncePerRequestFilter.java:116)
	at org.springframework.security.web.FilterChainProxy$VirtualFilterChain.doFilter(FilterChainProxy.java:374)
	at org.springframework.security.web.header.HeaderWriterFilter.doHeadersAfter(HeaderWriterFilter.java:90)
	at org.springframework.security.web.header.HeaderWriterFilter.doFilterInternal(HeaderWriterFilter.java:75)
	at org.springframework.web.filter.OncePerRequestFilter.doFilter(OncePerRequestFilter.java:116)
	at org.springframework.security.web.FilterChainProxy$VirtualFilterChain.doFilter(FilterChainProxy.java:374)
	at org.springframework.security.web.context.SecurityContextHolderFilter.doFilter(SecurityContextHolderFilter.java:82)
	at org.springframework.security.web.context.SecurityContextHolderFilter.doFilter(SecurityContextHolderFilter.java:69)
	at org.springframework.security.web.FilterChainProxy$VirtualFilterChain.doFilter(FilterChainProxy.java:374)
	at org.springframework.security.web.context.request.async.WebAsyncManagerIntegrationFilter.doFilterInternal(WebAsyncManagerIntegrationFilter.java:62)
	at org.springframework.web.filter.OncePerRequestFilter.doFilter(OncePerRequestFilter.java:116)
	at org.springframework.security.web.FilterChainProxy$VirtualFilterChain.doFilter(FilterChainProxy.java:374)
	at org.springframework.security.web.session.DisableEncodeUrlFilter.doFilterInternal(DisableEncodeUrlFilter.java:42)
	at org.springframework.web.filter.OncePerRequestFilter.doFilter(OncePerRequestFilter.java:116)
	at org.springframework.security.web.FilterChainProxy$VirtualFilterChain.doFilter(FilterChainProxy.java:374)
	at org.springframework.security.web.FilterChainProxy.doFilterInternal(FilterChainProxy.java:233)
	at org.springframework.security.web.FilterChainProxy.doFilter(FilterChainProxy.java:191)
	at org.springframework.web.filter.CompositeFilter$VirtualFilterChain.doFilter(CompositeFilter.java:113)
	at org.springframework.web.servlet.handler.HandlerMappingIntrospector.lambda$createCacheFilter$3(HandlerMappingIntrospector.java:243)
	at org.springframework.web.filter.CompositeFilter$VirtualFilterChain.doFilter(CompositeFilter.java:113)
	at org.springframework.web.filter.CompositeFilter.doFilter(CompositeFilter.java:74)
	at org.springframework.security.config.annotation.web.configuration.WebMvcSecurityConfiguration$CompositeFilterChainProxy.doFilter(WebMvcSecurityConfiguration.java:238)
	at org.springframework.web.filter.DelegatingFilterProxy.invokeDelegate(DelegatingFilterProxy.java:362)
	at org.springframework.web.filter.DelegatingFilterProxy.doFilter(DelegatingFilterProxy.java:278)
	at org.apache.catalina.core.ApplicationFilterChain.internalDoFilter(ApplicationFilterChain.java:164)
	at org.apache.catalina.core.ApplicationFilterChain.doFilter(ApplicationFilterChain.java:140)
	at org.springframework.web.filter.RequestContextFilter.doFilterInternal(RequestContextFilter.java:100)
	at org.springframework.web.filter.OncePerRequestFilter.doFilter(OncePerRequestFilter.java:116)
	at org.apache.catalina.core.ApplicationFilterChain.internalDoFilter(ApplicationFilterChain.java:164)
	at org.apache.catalina.core.ApplicationFilterChain.doFilter(ApplicationFilterChain.java:140)
	at org.springframework.web.filter.FormContentFilter.doFilterInternal(FormContentFilter.java:93)
	at org.springframework.web.filter.OncePerRequestFilter.doFilter(OncePerRequestFilter.java:116)
	at org.apache.catalina.core.ApplicationFilterChain.internalDoFilter(ApplicationFilterChain.java:164)
	at org.apache.catalina.core.ApplicationFilterChain.doFilter(ApplicationFilterChain.java:140)
	at org.springframework.web.filter.CharacterEncodingFilter.doFilterInternal(CharacterEncodingFilter.java:201)
	at org.springframework.web.filter.OncePerRequestFilter.doFilter(OncePerRequestFilter.java:116)
	at org.apache.catalina.core.ApplicationFilterChain.internalDoFilter(ApplicationFilterChain.java:164)
	at org.apache.catalina.core.ApplicationFilterChain.doFilter(ApplicationFilterChain.java:140)
	at org.apache.catalina.core.StandardWrapperValve.invoke(StandardWrapperValve.java:167)
	at org.apache.catalina.core.StandardContextValve.invoke(StandardContextValve.java:90)
	at org.apache.catalina.authenticator.AuthenticatorBase.invoke(AuthenticatorBase.java:483)
	at org.apache.catalina.core.StandardHostValve.invoke(StandardHostValve.java:115)
	at org.apache.catalina.valves.ErrorReportValve.invoke(ErrorReportValve.java:93)
	at org.apache.catalina.core.StandardEngineValve.invoke(StandardEngineValve.java:74)
	at org.apache.catalina.connector.CoyoteAdapter.service(CoyoteAdapter.java:344)
	at org.apache.coyote.http11.Http11Processor.service(Http11Processor.java:397)
	at org.apache.coyote.AbstractProcessorLight.process(AbstractProcessorLight.java:63)
	at org.apache.coyote.AbstractProtocol$ConnectionHandler.process(AbstractProtocol.java:905)
	at org.apache.tomcat.util.net.NioEndpoint$SocketProcessor.doRun(NioEndpoint.java:1743)
	at org.apache.tomcat.util.net.SocketProcessorBase.run(SocketProcessorBase.java:52)
	at org.apache.tomcat.util.threads.ThreadPoolExecutor.runWorker(ThreadPoolExecutor.java:1190)
	at org.apache.tomcat.util.threads.ThreadPoolExecutor$Worker.run(ThreadPoolExecutor.java:659)
	at org.apache.tomcat.util.threads.TaskThread$WrappingRunnable.run(TaskThread.java:63)
	at java.base/java.lang.Thread.run(Thread.java:842)
2025-08-14 10:19:03 - c.r.smartflow.SmartflowApplication - Starting SmartflowApplication using Java 17.0.12 with PID 7788 (E:\BootCamp\finalproject\server\target\classes started by Administrator in E:\BootCamp\finalproject\server)
2025-08-14 10:19:03 - c.r.smartflow.SmartflowApplication - No active profile set, falling back to 1 default profile: "default"
2025-08-14 10:19:10 - c.r.smartflow.SmartflowApplication - Started SmartflowApplication in 7.784 seconds (process running for 8.266)
2025-08-14 10:36:19 - o.h.e.jdbc.spi.SqlExceptionHelper - Duplicate entry 'aa' for key 'sf_users.username'
2025-08-14 10:37:22 - c.r.s.controller.AuthController - Service method called using @Slf4j
2025-08-14 10:37:58 - c.r.smartflow.SmartflowApplication - Starting SmartflowApplication using Java 17.0.12 with PID 7496 (E:\BootCamp\finalproject\server\target\classes started by Administrator in E:\BootCamp\finalproject\server)
2025-08-14 10:37:58 - c.r.smartflow.SmartflowApplication - No active profile set, falling back to 1 default profile: "default"
2025-08-14 10:38:04 - c.r.smartflow.SmartflowApplication - Started SmartflowApplication in 7.245 seconds (process running for 7.712)
2025-08-14 10:39:02 - c.r.smartflow.SmartflowApplication - Starting SmartflowApplication using Java 17.0.12 with PID 10692 (E:\BootCamp\finalproject\server\target\classes started by Administrator in E:\BootCamp\finalproject\server)
2025-08-14 10:39:02 - c.r.smartflow.SmartflowApplication - No active profile set, falling back to 1 default profile: "default"
2025-08-14 10:39:09 - c.r.smartflow.SmartflowApplication - Started SmartflowApplication in 7.745 seconds (process running for 8.533)
2025-08-14 10:40:28 - c.r.smartflow.SmartflowApplication - Starting SmartflowApplication using Java 17.0.12 with PID 19464 (E:\BootCamp\finalproject\server\target\classes started by Administrator in E:\BootCamp\finalproject\server)
2025-08-14 10:40:28 - c.r.smartflow.SmartflowApplication - No active profile set, falling back to 1 default profile: "default"
2025-08-14 10:40:35 - c.r.smartflow.SmartflowApplication - Started SmartflowApplication in 8.211 seconds (process running for 8.708)
2025-08-14 10:40:44 - c.r.smartflow.SmartflowApplication - Starting SmartflowApplication using Java 17.0.12 with PID 8168 (E:\BootCamp\finalproject\server\target\classes started by Administrator in E:\BootCamp\finalproject\server)
2025-08-14 10:40:44 - c.r.smartflow.SmartflowApplication - No active profile set, falling back to 1 default profile: "default"
2025-08-14 10:40:50 - c.r.smartflow.SmartflowApplication - Started SmartflowApplication in 6.919 seconds (process running for 7.364)
2025-08-14 11:39:03 - c.r.s.controller.AuthController - Service method called using @Slf4j
2025-08-14 11:51:26 - c.r.smartflow.SmartflowApplication - Starting SmartflowApplication using Java 17.0.12 with PID 4296 (E:\BootCamp\finalproject\server\target\classes started by Administrator in E:\BootCamp\finalproject\server)
2025-08-14 11:51:26 - c.r.smartflow.SmartflowApplication - No active profile set, falling back to 1 default profile: "default"
2025-08-14 11:51:33 - c.r.smartflow.SmartflowApplication - Started SmartflowApplication in 8.05 seconds (process running for 8.534)
2025-08-14 12:00:13 - c.r.s.controller.AuthController - Service method called using @Slf4j
2025-08-14 12:00:32 - c.r.s.controller.AuthController - Service method called using @Slf4j
2025-08-14 12:01:33 - c.r.s.controller.AuthController - Service method called using @Slf4j
2025-08-14 12:06:07 - c.r.smartflow.SmartflowApplication - Starting SmartflowApplication using Java 17.0.12 with PID 940 (E:\BootCamp\finalproject\server\target\classes started by Administrator in E:\BootCamp\finalproject\server)
2025-08-14 12:06:07 - c.r.smartflow.SmartflowApplication - No active profile set, falling back to 1 default profile: "default"
2025-08-14 12:06:14 - c.r.smartflow.SmartflowApplication - Started SmartflowApplication in 7.693 seconds (process running for 8.183)
2025-08-14 12:06:24 - c.r.s.controller.AuthController - Service method called using @Slf4j
2025-08-14 12:08:33 - c.r.smartflow.SmartflowApplication - Starting SmartflowApplication using Java 17.0.12 with PID 23800 (E:\BootCamp\finalproject\server\target\classes started by Administrator in E:\BootCamp\finalproject\server)
2025-08-14 12:08:33 - c.r.smartflow.SmartflowApplication - No active profile set, falling back to 1 default profile: "default"
2025-08-14 12:08:39 - c.r.smartflow.SmartflowApplication - Started SmartflowApplication in 6.734 seconds (process running for 7.235)
2025-08-14 13:05:20 - o.h.e.jdbc.spi.SqlExceptionHelper - Duplicate entry 'prueba1@gmail.com' for key 'sf_business.UK9vdjoecedyespp0hkmx20g70y'
2025-08-14 13:05:31 - c.r.s.controller.AuthController - Service method called using @Slf4j
2025-08-14 13:07:45 - c.r.s.controller.AuthController - Service method called using @Slf4j
2025-08-14 13:10:22 - c.r.s.controller.AuthController - Service method called using @Slf4j
2025-08-14 13:16:16 - c.r.s.controller.AuthController - Service method called using @Slf4j
